# JRE version: OpenJDK Runtime Environment (11.0.10) (build 11.0.10+0-b96-7249189)
# Java VM: OpenJDK 64-Bit Server VM (11.0.10+0-b96-7249189, mixed mode, tiered, compressed oops, g1 gc, windows-amd64)
Heap:
 garbage-first heap   total 317440K, used 175441K [0x0000000080000000, 0x0000000100000000)
  region size 1024K, 4 young (4096K), 4 survivors (4096K)
 Metaspace       used 114379K, capacity 117411K, committed 117564K, reserved 1150976K
  class space    used 14759K, capacity 15841K, committed 15872K, reserved 1048576K
GC Heap History (20 events):
Event: 86.248 GC heap after
{Heap after GC invocations=75 (full 0):
 garbage-first heap   total 220160K, used 161011K [0x0000000080000000, 0x0000000100000000)
  region size 1024K, 3 young (3072K), 3 survivors (3072K)
 Metaspace       used 114305K, capacity 117242K, committed 117308K, reserved 1150976K
  class space    used 14756K, capacity 15808K, committed 15872K, reserved 1048576K
}
Event: 86.695 GC heap before
{Heap before GC invocations=75 (full 0):
 garbage-first heap   total 220160K, used 193779K [0x0000000080000000, 0x0000000100000000)
  region size 1024K, 35 young (35840K), 3 survivors (3072K)
 Metaspace       used 114318K, capacity 117309K, committed 117564K, reserved 1150976K
  class space    used 14757K, capacity 15809K, committed 15872K, reserved 1048576K
}
Event: 86.703 GC heap after
{Heap after GC invocations=76 (full 0):
 garbage-first heap   total 220160K, used 161313K [0x0000000080000000, 0x0000000100000000)
  region size 1024K, 4 young (4096K), 4 survivors (4096K)
 Metaspace       used 114318K, capacity 117309K, committed 117564K, reserved 1150976K
  class space    used 14757K, capacity 15809K, committed 15872K, reserved 1048576K
}
Event: 87.179 GC heap before
{Heap before GC invocations=76 (full 0):
 garbage-first heap   total 220160K, used 191009K [0x0000000080000000, 0x0000000100000000)
  region size 1024K, 34 young (34816K), 4 survivors (4096K)
 Metaspace       used 114340K, capacity 117376K, committed 117564K, reserved 1150976K
  class space    used 14757K, capacity 15809K, committed 15872K, reserved 1048576K
}
Event: 87.189 GC heap after
{Heap after GC invocations=77 (full 0):
 garbage-first heap   total 220160K, used 161702K [0x0000000080000000, 0x0000000100000000)
  region size 1024K, 4 young (4096K), 4 survivors (4096K)
 Metaspace       used 114340K, capacity 117376K, committed 117564K, reserved 1150976K
  class space    used 14757K, capacity 15809K, committed 15872K, reserved 1048576K
}
Event: 88.224 GC heap before
{Heap before GC invocations=77 (full 0):
 garbage-first heap   total 220160K, used 191398K [0x0000000080000000, 0x0000000100000000)
  region size 1024K, 34 young (34816K), 4 survivors (4096K)
 Metaspace       used 114341K, capacity 117376K, committed 117564K, reserved 1150976K
  class space    used 14757K, capacity 15809K, committed 15872K, reserved 1048576K
}
Event: 88.235 GC heap after
{Heap after GC invocations=78 (full 0):
 garbage-first heap   total 220160K, used 162764K [0x0000000080000000, 0x0000000100000000)
  region size 1024K, 4 young (4096K), 4 survivors (4096K)
 Metaspace       used 114341K, capacity 117376K, committed 117564K, reserved 1150976K
  class space    used 14757K, capacity 15809K, committed 15872K, reserved 1048576K
}
Event: 88.512 GC heap before
{Heap before GC invocations=78 (full 0):
 garbage-first heap   total 220160K, used 191436K [0x0000000080000000, 0x0000000100000000)
  region size 1024K, 33 young (33792K), 4 survivors (4096K)
 Metaspace       used 114342K, capacity 117377K, committed 117564K, reserved 1150976K
  class space    used 14757K, capacity 15809K, committed 15872K, reserved 1048576K
}
Event: 88.524 GC heap after
{Heap after GC invocations=79 (full 0):
 garbage-first heap   total 220160K, used 164821K [0x0000000080000000, 0x0000000100000000)
  region size 1024K, 5 young (5120K), 5 survivors (5120K)
 Metaspace       used 114342K, capacity 117377K, committed 117564K, reserved 1150976K
  class space    used 14757K, capacity 15809K, committed 15872K, reserved 1048576K
}
Event: 89.047 GC heap before
{Heap before GC invocations=79 (full 0):
 garbage-first heap   total 220160K, used 190421K [0x0000000080000000, 0x0000000100000000)
  region size 1024K, 31 young (31744K), 5 survivors (5120K)
 Metaspace       used 114342K, capacity 117377K, committed 117564K, reserved 1150976K
  class space    used 14757K, capacity 15809K, committed 15872K, reserved 1048576K
}
Event: 89.059 GC heap after
{Heap after GC invocations=80 (full 0):
 garbage-first heap   total 264192K, used 166382K [0x0000000080000000, 0x0000000100000000)
  region size 1024K, 4 young (4096K), 4 survivors (4096K)
 Metaspace       used 114342K, capacity 117377K, committed 117564K, reserved 1150976K
  class space    used 14757K, capacity 15809K, committed 15872K, reserved 1048576K
}
Event: 89.810 GC heap before
{Heap before GC invocations=80 (full 0):
 garbage-first heap   total 264192K, used 216558K [0x0000000080000000, 0x0000000100000000)
  region size 1024K, 53 young (54272K), 4 survivors (4096K)
 Metaspace       used 114348K, capacity 117378K, committed 117564K, reserved 1150976K
  class space    used 14757K, capacity 15809K, committed 15872K, reserved 1048576K
}
Event: 89.819 GC heap after
{Heap after GC invocations=81 (full 0):
 garbage-first heap   total 264192K, used 168019K [0x0000000080000000, 0x0000000100000000)
  region size 1024K, 6 young (6144K), 6 survivors (6144K)
 Metaspace       used 114348K, capacity 117378K, committed 117564K, reserved 1150976K
  class space    used 14757K, capacity 15809K, committed 15872K, reserved 1048576K
}
Event: 90.119 GC heap before
{Heap before GC invocations=81 (full 0):
 garbage-first heap   total 264192K, used 218195K [0x0000000080000000, 0x0000000100000000)
  region size 1024K, 55 young (56320K), 6 survivors (6144K)
 Metaspace       used 114368K, capacity 117410K, committed 117564K, reserved 1150976K
  class space    used 14759K, capacity 15841K, committed 15872K, reserved 1048576K
}
Event: 90.140 GC heap after
{Heap after GC invocations=82 (full 0):
 garbage-first heap   total 264192K, used 172015K [0x0000000080000000, 0x0000000100000000)
  region size 1024K, 7 young (7168K), 7 survivors (7168K)
 Metaspace       used 114368K, capacity 117410K, committed 117564K, reserved 1150976K
  class space    used 14759K, capacity 15841K, committed 15872K, reserved 1048576K
}
Event: 90.620 GC heap before
{Heap before GC invocations=82 (full 0):
 garbage-first heap   total 264192K, used 220143K [0x0000000080000000, 0x0000000100000000)
  region size 1024K, 54 young (55296K), 7 survivors (7168K)
 Metaspace       used 114372K, capacity 117411K, committed 117564K, reserved 1150976K
  class space    used 14759K, capacity 15841K, committed 15872K, reserved 1048576K
}
Event: 90.637 GC heap after
{Heap after GC invocations=83 (full 0):
 garbage-first heap   total 264192K, used 174348K [0x0000000080000000, 0x0000000100000000)
  region size 1024K, 3 young (3072K), 3 survivors (3072K)
 Metaspace       used 114372K, capacity 117411K, committed 117564K, reserved 1150976K
  class space    used 14759K, capacity 15841K, committed 15872K, reserved 1048576K
}
Event: 91.234 GC heap before
{Heap before GC invocations=83 (full 0):
 garbage-first heap   total 264192K, used 222476K [0x0000000080000000, 0x0000000100000000)
  region size 1024K, 50 young (51200K), 3 survivors (3072K)
 Metaspace       used 114373K, capacity 117411K, committed 117564K, reserved 1150976K
  class space    used 14759K, capacity 15841K, committed 15872K, reserved 1048576K
}
Event: 91.246 GC heap after
{Heap after GC invocations=84 (full 0):
 garbage-first heap   total 264192K, used 175131K [0x0000000080000000, 0x0000000100000000)
  region size 1024K, 4 young (4096K), 4 survivors (4096K)
 Metaspace       used 114373K, capacity 117411K, committed 117564K, reserved 1150976K
  class space    used 14759K, capacity 15841K, committed 15872K, reserved 1048576K
}
Event: 91.933 GC heap before
{Heap before GC invocations=84 (full 0):
 garbage-first heap   total 264192K, used 224283K [0x0000000080000000, 0x0000000100000000)
  region size 1024K, 52 young (53248K), 4 survivors (4096K)
 Metaspace       used 114379K, capacity 117411K, committed 117564K, reserved 1150976K
  class space    used 14759K, capacity 15841K, committed 15872K, reserved 1048576K
}

