# JRE version: OpenJDK Runtime Environment (11.0.10) (build 11.0.10+0-b96-7249189)
# Java VM: OpenJDK 64-Bit Server VM (11.0.10+0-b96-7249189, mixed mode, tiered, compressed oops, g1 gc, windows-amd64)
Heap:
 garbage-first heap   total 585728K, used 193650K [0x0000000080000000, 0x0000000100000000)
  region size 1024K, 8 young (8192K), 2 survivors (2048K)
 Metaspace       used 140859K, capacity 144775K, committed 145024K, reserved 1175552K
  class space    used 17271K, capacity 18696K, committed 18816K, reserved 1048576K
GC Heap History (20 events):
Event: 1397.312 GC heap before
{Heap before GC invocations=144 (full 0):
 garbage-first heap   total 388096K, used 316595K [0x0000000080000000, 0x0000000100000000)
  region size 1024K, 139 young (142336K), 8 survivors (8192K)
 Metaspace       used 140025K, capacity 143832K, committed 144000K, reserved 1175552K
  class space    used 17177K, capacity 18533K, committed 18560K, reserved 1048576K
}
Event: 1397.339 GC heap after
{Heap after GC invocations=145 (full 0):
 garbage-first heap   total 388096K, used 182864K [0x0000000080000000, 0x0000000100000000)
  region size 1024K, 8 young (8192K), 8 survivors (8192K)
 Metaspace       used 140025K, capacity 143832K, committed 144000K, reserved 1175552K
  class space    used 17177K, capacity 18533K, committed 18560K, reserved 1048576K
}
Event: 1398.174 GC heap before
{Heap before GC invocations=146 (full 0):
 garbage-first heap   total 388096K, used 321104K [0x0000000080000000, 0x0000000100000000)
  region size 1024K, 143 young (146432K), 8 survivors (8192K)
 Metaspace       used 140037K, capacity 143833K, committed 144000K, reserved 1175552K
  class space    used 17177K, capacity 18533K, committed 18560K, reserved 1048576K
}
Event: 1398.193 GC heap after
{Heap after GC invocations=147 (full 0):
 garbage-first heap   total 388096K, used 182571K [0x0000000080000000, 0x0000000100000000)
  region size 1024K, 8 young (8192K), 8 survivors (8192K)
 Metaspace       used 140037K, capacity 143833K, committed 144000K, reserved 1175552K
  class space    used 17177K, capacity 18533K, committed 18560K, reserved 1048576K
}
Event: 1398.694 GC heap before
{Heap before GC invocations=147 (full 0):
 garbage-first heap   total 388096K, used 323883K [0x0000000080000000, 0x0000000100000000)
  region size 1024K, 146 young (149504K), 8 survivors (8192K)
 Metaspace       used 140040K, capacity 143833K, committed 144000K, reserved 1175552K
  class space    used 17177K, capacity 18533K, committed 18560K, reserved 1048576K
}
Event: 1398.773 GC heap after
{Heap after GC invocations=148 (full 0):
 garbage-first heap   total 456704K, used 184234K [0x0000000080000000, 0x0000000100000000)
  region size 1024K, 10 young (10240K), 10 survivors (10240K)
 Metaspace       used 140040K, capacity 143833K, committed 144000K, reserved 1175552K
  class space    used 17177K, capacity 18533K, committed 18560K, reserved 1048576K
}
Event: 1399.864 GC heap before
{Heap before GC invocations=149 (full 0):
 garbage-first heap   total 456704K, used 367530K [0x0000000080000000, 0x0000000100000000)
  region size 1024K, 189 young (193536K), 10 survivors (10240K)
 Metaspace       used 140046K, capacity 143833K, committed 144000K, reserved 1175552K
  class space    used 17177K, capacity 18533K, committed 18560K, reserved 1048576K
}
Event: 1399.895 GC heap after
{Heap after GC invocations=150 (full 0):
 garbage-first heap   total 456704K, used 184912K [0x0000000080000000, 0x0000000100000000)
  region size 1024K, 10 young (10240K), 10 survivors (10240K)
 Metaspace       used 140046K, capacity 143833K, committed 144000K, reserved 1175552K
  class space    used 17177K, capacity 18533K, committed 18560K, reserved 1048576K
}
Event: 1400.615 GC heap before
{Heap before GC invocations=150 (full 0):
 garbage-first heap   total 456704K, used 384592K [0x0000000080000000, 0x0000000100000000)
  region size 1024K, 205 young (209920K), 10 survivors (10240K)
 Metaspace       used 140084K, capacity 143934K, committed 144128K, reserved 1175552K
  class space    used 17179K, capacity 18565K, committed 18688K, reserved 1048576K
}
Event: 1400.638 GC heap after
{Heap after GC invocations=151 (full 0):
 garbage-first heap   total 456704K, used 187895K [0x0000000080000000, 0x0000000100000000)
  region size 1024K, 13 young (13312K), 13 survivors (13312K)
 Metaspace       used 140084K, capacity 143934K, committed 144128K, reserved 1175552K
  class space    used 17179K, capacity 18565K, committed 18688K, reserved 1048576K
}
Event: 1401.671 GC heap before
{Heap before GC invocations=152 (full 0):
 garbage-first heap   total 456704K, used 387575K [0x0000000080000000, 0x0000000100000000)
  region size 1024K, 207 young (211968K), 13 survivors (13312K)
 Metaspace       used 140425K, capacity 144259K, committed 144384K, reserved 1175552K
  class space    used 17218K, capacity 18580K, committed 18688K, reserved 1048576K
}
Event: 1401.694 GC heap after
{Heap after GC invocations=153 (full 0):
 garbage-first heap   total 456704K, used 184912K [0x0000000080000000, 0x0000000100000000)
  region size 1024K, 10 young (10240K), 10 survivors (10240K)
 Metaspace       used 140425K, capacity 144259K, committed 144384K, reserved 1175552K
  class space    used 17218K, capacity 18580K, committed 18688K, reserved 1048576K
}
Event: 1402.297 GC heap before
{Heap before GC invocations=153 (full 0):
 garbage-first heap   total 456704K, used 385616K [0x0000000080000000, 0x0000000100000000)
  region size 1024K, 206 young (210944K), 10 survivors (10240K)
 Metaspace       used 140440K, capacity 144262K, committed 144384K, reserved 1175552K
  class space    used 17218K, capacity 18580K, committed 18688K, reserved 1048576K
}
Event: 1402.322 GC heap after
{Heap after GC invocations=154 (full 0):
 garbage-first heap   total 456704K, used 185936K [0x0000000080000000, 0x0000000100000000)
  region size 1024K, 11 young (11264K), 11 survivors (11264K)
 Metaspace       used 140440K, capacity 144262K, committed 144384K, reserved 1175552K
  class space    used 17218K, capacity 18580K, committed 18688K, reserved 1048576K
}
Event: 1403.347 GC heap before
{Heap before GC invocations=155 (full 0):
 garbage-first heap   total 456704K, used 356944K [0x0000000080000000, 0x0000000100000000)
  region size 1024K, 179 young (183296K), 11 survivors (11264K)
 Metaspace       used 140818K, capacity 144759K, committed 145024K, reserved 1175552K
  class space    used 17269K, capacity 18693K, committed 18816K, reserved 1048576K
}
Event: 1403.944 GC heap after
{Heap after GC invocations=156 (full 0):
 garbage-first heap   total 585728K, used 185424K [0x0000000080000000, 0x0000000100000000)
  region size 1024K, 11 young (11264K), 11 survivors (11264K)
 Metaspace       used 140818K, capacity 144759K, committed 145024K, reserved 1175552K
  class space    used 17269K, capacity 18693K, committed 18816K, reserved 1048576K
}
Event: 1404.292 GC heap before
{Heap before GC invocations=156 (full 0):
 garbage-first heap   total 585728K, used 203856K [0x0000000080000000, 0x0000000100000000)
  region size 1024K, 28 young (28672K), 11 survivors (11264K)
 Metaspace       used 140830K, capacity 144763K, committed 145024K, reserved 1175552K
  class space    used 17269K, capacity 18693K, committed 18816K, reserved 1048576K
}
Event: 1404.309 GC heap after
{Heap after GC invocations=157 (full 0):
 garbage-first heap   total 585728K, used 184235K [0x0000000080000000, 0x0000000100000000)
  region size 1024K, 2 young (2048K), 2 survivors (2048K)
 Metaspace       used 140830K, capacity 144763K, committed 145024K, reserved 1175552K
  class space    used 17269K, capacity 18693K, committed 18816K, reserved 1048576K
}
Event: 1404.517 GC heap before
{Heap before GC invocations=157 (full 0):
 garbage-first heap   total 585728K, used 210859K [0x0000000080000000, 0x0000000100000000)
  region size 1024K, 28 young (28672K), 2 survivors (2048K)
 Metaspace       used 140831K, capacity 144763K, committed 145024K, reserved 1175552K
  class space    used 17269K, capacity 18693K, committed 18816K, reserved 1048576K
}
Event: 1404.520 GC heap after
{Heap after GC invocations=158 (full 0):
 garbage-first heap   total 585728K, used 183390K [0x0000000080000000, 0x0000000100000000)
  region size 1024K, 1 young (1024K), 1 survivors (1024K)
 Metaspace       used 140831K, capacity 144763K, committed 145024K, reserved 1175552K
  class space    used 17269K, capacity 18693K, committed 18816K, reserved 1048576K
}

