# JRE version: OpenJDK Runtime Environment (11.0.10) (build 11.0.10+0-b96-7249189)
# Java VM: OpenJDK 64-Bit Server VM (11.0.10+0-b96-7249189, mixed mode, tiered, compressed oops, g1 gc, windows-amd64)
Heap:
 garbage-first heap   total 240640K, used 194687K [0x0000000080000000, 0x0000000100000000)
  region size 1024K, 5 young (5120K), 2 survivors (2048K)
 Metaspace       used 185024K, capacity 191294K, committed 191420K, reserved 1214464K
  class space    used 23375K, capacity 25645K, committed 25728K, reserved 1048576K
GC Heap History (20 events):
Event: 9365.017 GC heap before
{Heap before GC invocations=456 (full 0):
 garbage-first heap   total 198656K, used 176663K [0x0000000080000000, 0x0000000100000000)
  region size 1024K, 9 young (9216K), 2 survivors (2048K)
 Metaspace       used 183545K, capacity 189773K, committed 190012K, reserved 1214464K
  class space    used 23261K, capacity 25504K, committed 25600K, reserved 1048576K
}
Event: 9365.043 GC heap after
{Heap after GC invocations=457 (full 0):
 garbage-first heap   total 198656K, used 161722K [0x0000000080000000, 0x0000000100000000)
  region size 1024K, 2 young (2048K), 2 survivors (2048K)
 Metaspace       used 183545K, capacity 189773K, committed 190012K, reserved 1214464K
  class space    used 23261K, capacity 25504K, committed 25600K, reserved 1048576K
}
Event: 9365.268 GC heap before
{Heap before GC invocations=457 (full 0):
 garbage-first heap   total 198656K, used 167866K [0x0000000080000000, 0x0000000100000000)
  region size 1024K, 9 young (9216K), 2 survivors (2048K)
 Metaspace       used 183545K, capacity 189773K, committed 190012K, reserved 1214464K
  class space    used 23261K, capacity 25504K, committed 25600K, reserved 1048576K
}
Event: 9365.288 GC heap after
{Heap after GC invocations=458 (full 0):
 garbage-first heap   total 198656K, used 161518K [0x0000000080000000, 0x0000000100000000)
  region size 1024K, 1 young (1024K), 1 survivors (1024K)
 Metaspace       used 183545K, capacity 189773K, committed 190012K, reserved 1214464K
  class space    used 23261K, capacity 25504K, committed 25600K, reserved 1048576K
}
Event: 9365.574 GC heap before
{Heap before GC invocations=458 (full 0):
 garbage-first heap   total 198656K, used 169710K [0x0000000080000000, 0x0000000100000000)
  region size 1024K, 10 young (10240K), 1 survivors (1024K)
 Metaspace       used 183649K, capacity 189891K, committed 190012K, reserved 1214464K
  class space    used 23272K, capacity 25542K, committed 25600K, reserved 1048576K
}
Event: 9365.582 GC heap after
{Heap after GC invocations=459 (full 0):
 garbage-first heap   total 198656K, used 161792K [0x0000000080000000, 0x0000000100000000)
  region size 1024K, 1 young (1024K), 1 survivors (1024K)
 Metaspace       used 183649K, capacity 189891K, committed 190012K, reserved 1214464K
  class space    used 23272K, capacity 25542K, committed 25600K, reserved 1048576K
}
Event: 9366.041 GC heap before
{Heap before GC invocations=459 (full 0):
 garbage-first heap   total 198656K, used 172032K [0x0000000080000000, 0x0000000100000000)
  region size 1024K, 11 young (11264K), 1 survivors (1024K)
 Metaspace       used 183649K, capacity 189891K, committed 190012K, reserved 1214464K
  class space    used 23272K, capacity 25542K, committed 25600K, reserved 1048576K
}
Event: 9366.045 GC heap after
{Heap after GC invocations=460 (full 0):
 garbage-first heap   total 198656K, used 162075K [0x0000000080000000, 0x0000000100000000)
  region size 1024K, 2 young (2048K), 2 survivors (2048K)
 Metaspace       used 183649K, capacity 189891K, committed 190012K, reserved 1214464K
  class space    used 23272K, capacity 25542K, committed 25600K, reserved 1048576K
}
Event: 9367.685 GC heap before
{Heap before GC invocations=461 (full 0):
 garbage-first heap   total 198656K, used 170267K [0x0000000080000000, 0x0000000100000000)
  region size 1024K, 11 young (11264K), 2 survivors (2048K)
 Metaspace       used 184306K, capacity 190555K, committed 190908K, reserved 1214464K
  class space    used 23343K, capacity 25612K, committed 25728K, reserved 1048576K
}
Event: 9367.690 GC heap after
{Heap after GC invocations=462 (full 0):
 garbage-first heap   total 198656K, used 162615K [0x0000000080000000, 0x0000000100000000)
  region size 1024K, 2 young (2048K), 2 survivors (2048K)
 Metaspace       used 184306K, capacity 190555K, committed 190908K, reserved 1214464K
  class space    used 23343K, capacity 25612K, committed 25728K, reserved 1048576K
}
Event: 9367.811 GC heap before
{Heap before GC invocations=462 (full 0):
 garbage-first heap   total 198656K, used 169783K [0x0000000080000000, 0x0000000100000000)
  region size 1024K, 9 young (9216K), 2 survivors (2048K)
 Metaspace       used 184475K, capacity 190683K, committed 190908K, reserved 1214464K
  class space    used 23358K, capacity 25612K, committed 25728K, reserved 1048576K
}
Event: 9367.819 GC heap after
{Heap after GC invocations=463 (full 0):
 garbage-first heap   total 198656K, used 161778K [0x0000000080000000, 0x0000000100000000)
  region size 1024K, 2 young (2048K), 2 survivors (2048K)
 Metaspace       used 184475K, capacity 190683K, committed 190908K, reserved 1214464K
  class space    used 23358K, capacity 25612K, committed 25728K, reserved 1048576K
}
Event: 9368.002 GC heap before
{Heap before GC invocations=463 (full 0):
 garbage-first heap   total 198656K, used 170994K [0x0000000080000000, 0x0000000100000000)
  region size 1024K, 12 young (12288K), 2 survivors (2048K)
 Metaspace       used 184543K, capacity 190747K, committed 190908K, reserved 1214464K
  class space    used 23358K, capacity 25612K, committed 25728K, reserved 1048576K
}
Event: 9368.011 GC heap after
{Heap after GC invocations=464 (full 0):
 garbage-first heap   total 198656K, used 162683K [0x0000000080000000, 0x0000000100000000)
  region size 1024K, 2 young (2048K), 2 survivors (2048K)
 Metaspace       used 184543K, capacity 190747K, committed 190908K, reserved 1214464K
  class space    used 23358K, capacity 25612K, committed 25728K, reserved 1048576K
}
Event: 9368.419 GC heap before
{Heap before GC invocations=464 (full 0):
 garbage-first heap   total 198656K, used 172923K [0x0000000080000000, 0x0000000100000000)
  region size 1024K, 12 young (12288K), 2 survivors (2048K)
 Metaspace       used 184625K, capacity 190875K, committed 191164K, reserved 1214464K
  class space    used 23358K, capacity 25612K, committed 25728K, reserved 1048576K
}
Event: 9368.429 GC heap after
{Heap after GC invocations=465 (full 0):
 garbage-first heap   total 240640K, used 164639K [0x0000000080000000, 0x0000000100000000)
  region size 1024K, 2 young (2048K), 2 survivors (2048K)
 Metaspace       used 184625K, capacity 190875K, committed 191164K, reserved 1214464K
  class space    used 23358K, capacity 25612K, committed 25728K, reserved 1048576K
}
Event: 9369.120 GC heap before
{Heap before GC invocations=466 (full 0):
 garbage-first heap   total 240640K, used 189215K [0x0000000080000000, 0x0000000100000000)
  region size 1024K, 28 young (28672K), 2 survivors (2048K)
 Metaspace       used 184696K, capacity 190939K, committed 191164K, reserved 1214464K
  class space    used 23358K, capacity 25612K, committed 25728K, reserved 1048576K
}
Event: 9369.134 GC heap after
{Heap after GC invocations=467 (full 0):
 garbage-first heap   total 240640K, used 172615K [0x0000000080000000, 0x0000000100000000)
  region size 1024K, 4 young (4096K), 4 survivors (4096K)
 Metaspace       used 184696K, capacity 190939K, committed 191164K, reserved 1214464K
  class space    used 23358K, capacity 25612K, committed 25728K, reserved 1048576K
}
Event: 9370.558 GC heap before
{Heap before GC invocations=468 (full 0):
 garbage-first heap   total 240640K, used 199239K [0x0000000080000000, 0x0000000100000000)
  region size 1024K, 27 young (27648K), 4 survivors (4096K)
 Metaspace       used 184790K, capacity 191003K, committed 191164K, reserved 1214464K
  class space    used 23359K, capacity 25612K, committed 25728K, reserved 1048576K
}
Event: 9370.582 GC heap after
{Heap after GC invocations=469 (full 0):
 garbage-first heap   total 240640K, used 182481K [0x0000000080000000, 0x0000000100000000)
  region size 1024K, 4 young (4096K), 4 survivors (4096K)
 Metaspace       used 184790K, capacity 191003K, committed 191164K, reserved 1214464K
  class space    used 23359K, capacity 25612K, committed 25728K, reserved 1048576K
}

