# JRE version: OpenJDK Runtime Environment (11.0.10) (build 11.0.10+0-b96-7249189)
# Java VM: OpenJDK 64-Bit Server VM (11.0.10+0-b96-7249189, mixed mode, tiered, compressed oops, g1 gc, windows-amd64)
Heap:
 garbage-first heap   total 357376K, used 143193K [0x0000000080000000, 0x0000000100000000)
  region size 1024K, 1 young (1024K), 1 survivors (1024K)
 Metaspace       used 108836K, capacity 111548K, committed 111744K, reserved 1146880K
  class space    used 13653K, capacity 14626K, committed 14720K, reserved 1048576K
GC Heap History (20 events):
Event: 67.381 GC heap after
{Heap after GC invocations=42 (full 0):
 garbage-first heap   total 183296K, used 98475K [0x0000000080000000, 0x0000000100000000)
  region size 1024K, 1 young (1024K), 1 survivors (1024K)
 Metaspace       used 98247K, capacity 100597K, committed 100864K, reserved 1136640K
  class space    used 12212K, capacity 13026K, committed 13056K, reserved 1048576K
}
Event: 67.396 GC heap before
{Heap before GC invocations=42 (full 0):
 garbage-first heap   total 183296K, used 101547K [0x0000000080000000, 0x0000000100000000)
  region size 1024K, 5 young (5120K), 1 survivors (1024K)
 Metaspace       used 98247K, capacity 100597K, committed 100864K, reserved 1136640K
  class space    used 12212K, capacity 13026K, committed 13056K, reserved 1048576K
}
Event: 67.400 GC heap after
{Heap after GC invocations=43 (full 0):
 garbage-first heap   total 183296K, used 99357K [0x0000000080000000, 0x0000000100000000)
  region size 1024K, 2 young (2048K), 2 survivors (2048K)
 Metaspace       used 98247K, capacity 100597K, committed 100864K, reserved 1136640K
  class space    used 12212K, capacity 13026K, committed 13056K, reserved 1048576K
}
Event: 68.196 GC heap before
{Heap before GC invocations=44 (full 0):
 garbage-first heap   total 183296K, used 147485K [0x0000000080000000, 0x0000000100000000)
  region size 1024K, 48 young (49152K), 2 survivors (2048K)
 Metaspace       used 100972K, capacity 103390K, committed 103552K, reserved 1138688K
  class space    used 12589K, capacity 13409K, committed 13440K, reserved 1048576K
}
Event: 68.207 GC heap after
{Heap after GC invocations=45 (full 0):
 garbage-first heap   total 183296K, used 108865K [0x0000000080000000, 0x0000000100000000)
  region size 1024K, 6 young (6144K), 6 survivors (6144K)
 Metaspace       used 100972K, capacity 103390K, committed 103552K, reserved 1138688K
  class space    used 12589K, capacity 13409K, committed 13440K, reserved 1048576K
}
Event: 68.749 GC heap before
{Heap before GC invocations=45 (full 0):
 garbage-first heap   total 183296K, used 147777K [0x0000000080000000, 0x0000000100000000)
  region size 1024K, 44 young (45056K), 6 survivors (6144K)
 Metaspace       used 101251K, capacity 103678K, committed 103808K, reserved 1140736K
  class space    used 12600K, capacity 13416K, committed 13440K, reserved 1048576K
}
Event: 68.786 GC heap after
{Heap after GC invocations=46 (full 0):
 garbage-first heap   total 183296K, used 117424K [0x0000000080000000, 0x0000000100000000)
  region size 1024K, 6 young (6144K), 6 survivors (6144K)
 Metaspace       used 101251K, capacity 103678K, committed 103808K, reserved 1140736K
  class space    used 12600K, capacity 13416K, committed 13440K, reserved 1048576K
}
Event: 69.196 GC heap before
{Heap before GC invocations=46 (full 0):
 garbage-first heap   total 183296K, used 149168K [0x0000000080000000, 0x0000000100000000)
  region size 1024K, 37 young (37888K), 6 survivors (6144K)
 Metaspace       used 101268K, capacity 103681K, committed 103808K, reserved 1140736K
  class space    used 12601K, capacity 13416K, committed 13440K, reserved 1048576K
}
Event: 69.228 GC heap after
{Heap after GC invocations=47 (full 0):
 garbage-first heap   total 183296K, used 123904K [0x0000000080000000, 0x0000000100000000)
  region size 1024K, 5 young (5120K), 5 survivors (5120K)
 Metaspace       used 101268K, capacity 103681K, committed 103808K, reserved 1140736K
  class space    used 12601K, capacity 13416K, committed 13440K, reserved 1048576K
}
Event: 69.641 GC heap before
{Heap before GC invocations=48 (full 0):
 garbage-first heap   total 183296K, used 151552K [0x0000000080000000, 0x0000000100000000)
  region size 1024K, 32 young (32768K), 5 survivors (5120K)
 Metaspace       used 102309K, capacity 104779K, committed 104832K, reserved 1140736K
  class space    used 12767K, capacity 13654K, committed 13696K, reserved 1048576K
}
Event: 69.676 GC heap after
{Heap after GC invocations=49 (full 0):
 garbage-first heap   total 183296K, used 129693K [0x0000000080000000, 0x0000000100000000)
  region size 1024K, 4 young (4096K), 4 survivors (4096K)
 Metaspace       used 102309K, capacity 104779K, committed 104832K, reserved 1140736K
  class space    used 12767K, capacity 13654K, committed 13696K, reserved 1048576K
}
Event: 69.756 GC heap before
{Heap before GC invocations=49 (full 0):
 garbage-first heap   total 183296K, used 133789K [0x0000000080000000, 0x0000000100000000)
  region size 1024K, 8 young (8192K), 4 survivors (4096K)
 Metaspace       used 102473K, capacity 104972K, committed 105088K, reserved 1140736K
  class space    used 12785K, capacity 13654K, committed 13696K, reserved 1048576K
}
Event: 69.775 GC heap after
{Heap after GC invocations=50 (full 0):
 garbage-first heap   total 248832K, used 129662K [0x0000000080000000, 0x0000000100000000)
  region size 1024K, 1 young (1024K), 1 survivors (1024K)
 Metaspace       used 102473K, capacity 104972K, committed 105088K, reserved 1140736K
  class space    used 12785K, capacity 13654K, committed 13696K, reserved 1048576K
}
Event: 70.509 GC heap before
{Heap before GC invocations=50 (full 0):
 garbage-first heap   total 248832K, used 177790K [0x0000000080000000, 0x0000000100000000)
  region size 1024K, 48 young (49152K), 1 survivors (1024K)
 Metaspace       used 103133K, capacity 105650K, committed 105728K, reserved 1140736K
  class space    used 12868K, capacity 13750K, committed 13824K, reserved 1048576K
}
Event: 70.554 GC heap after
{Heap after GC invocations=51 (full 0):
 garbage-first heap   total 248832K, used 137466K [0x0000000080000000, 0x0000000100000000)
  region size 1024K, 6 young (6144K), 6 survivors (6144K)
 Metaspace       used 103133K, capacity 105650K, committed 105728K, reserved 1140736K
  class space    used 12868K, capacity 13750K, committed 13824K, reserved 1048576K
}
Event: 73.340 GC heap before
{Heap before GC invocations=52 (full 0):
 garbage-first heap   total 248832K, used 184570K [0x0000000080000000, 0x0000000100000000)
  region size 1024K, 52 young (53248K), 6 survivors (6144K)
 Metaspace       used 106726K, capacity 109391K, committed 109440K, reserved 1144832K
  class space    used 13457K, capacity 14415K, committed 14464K, reserved 1048576K
}
Event: 73.378 GC heap after
{Heap after GC invocations=53 (full 0):
 garbage-first heap   total 248832K, used 143274K [0x0000000080000000, 0x0000000100000000)
  region size 1024K, 6 young (6144K), 6 survivors (6144K)
 Metaspace       used 106726K, capacity 109391K, committed 109440K, reserved 1144832K
  class space    used 13457K, capacity 14415K, committed 14464K, reserved 1048576K
}
Event: 73.846 GC heap before
{Heap before GC invocations=53 (full 0):
 garbage-first heap   total 248832K, used 149418K [0x0000000080000000, 0x0000000100000000)
  region size 1024K, 12 young (12288K), 6 survivors (6144K)
 Metaspace       used 107132K, capacity 109788K, committed 109952K, reserved 1144832K
  class space    used 13514K, capacity 14458K, committed 14464K, reserved 1048576K
}
Event: 73.864 GC heap after
{Heap after GC invocations=54 (full 0):
 garbage-first heap   total 248832K, used 143337K [0x0000000080000000, 0x0000000100000000)
  region size 1024K, 1 young (1024K), 1 survivors (1024K)
 Metaspace       used 107132K, capacity 109788K, committed 109952K, reserved 1144832K
  class space    used 13514K, capacity 14458K, committed 14464K, reserved 1048576K
}
Event: 76.003 GC heap before
{Heap before GC invocations=54 (full 0):
 garbage-first heap   total 248832K, used 190441K [0x0000000080000000, 0x0000000100000000)
  region size 1024K, 47 young (48128K), 1 survivors (1024K)
 Metaspace       used 108836K, capacity 111548K, committed 111744K, reserved 1146880K
  class space    used 13653K, capacity 14626K, committed 14720K, reserved 1048576K
}

