# JRE version: OpenJDK Runtime Environment (11.0.10) (build 11.0.10+0-b96-7249189)
# Java VM: OpenJDK 64-Bit Server VM (11.0.10+0-b96-7249189, mixed mode, tiered, compressed oops, g1 gc, windows-amd64)
Heap:
 garbage-first heap   total 523264K, used 259701K [0x0000000080000000, 0x0000000100000000)
  region size 1024K, 44 young (45056K), 9 survivors (9216K)
 Metaspace       used 196564K, capacity 202033K, committed 202444K, reserved 1224704K
  class space    used 24605K, capacity 26648K, committed 26828K, reserved 1048576K
GC Heap History (20 events):
Event: 1724.388 GC heap before
{Heap before GC invocations=141 (full 0):
 garbage-first heap   total 523264K, used 339192K [0x0000000080000000, 0x0000000100000000)
  region size 1024K, 131 young (134144K), 6 survivors (6144K)
 Metaspace       used 196481K, capacity 201947K, committed 202188K, reserved 1224704K
  class space    used 24599K, capacity 26645K, committed 26828K, reserved 1048576K
}
Event: 1724.422 GC heap after
{Heap after GC invocations=142 (full 0):
 garbage-first heap   total 523264K, used 218416K [0x0000000080000000, 0x0000000100000000)
  region size 1024K, 12 young (12288K), 12 survivors (12288K)
 Metaspace       used 196481K, capacity 201947K, committed 202188K, reserved 1224704K
  class space    used 24599K, capacity 26645K, committed 26828K, reserved 1048576K
}
Event: 1725.832 GC heap before
{Heap before GC invocations=143 (full 0):
 garbage-first heap   total 523264K, used 409904K [0x0000000080000000, 0x0000000100000000)
  region size 1024K, 194 young (198656K), 12 survivors (12288K)
 Metaspace       used 196495K, capacity 202015K, committed 202444K, reserved 1224704K
  class space    used 24599K, capacity 26645K, committed 26828K, reserved 1048576K
}
Event: 1725.857 GC heap after
{Heap after GC invocations=144 (full 0):
 garbage-first heap   total 523264K, used 212140K [0x0000000080000000, 0x0000000100000000)
  region size 1024K, 7 young (7168K), 7 survivors (7168K)
 Metaspace       used 196495K, capacity 202015K, committed 202444K, reserved 1224704K
  class space    used 24599K, capacity 26645K, committed 26828K, reserved 1048576K
}
Event: 1725.935 GC heap before
{Heap before GC invocations=144 (full 0):
 garbage-first heap   total 523264K, used 230572K [0x0000000080000000, 0x0000000100000000)
  region size 1024K, 25 young (25600K), 7 survivors (7168K)
 Metaspace       used 196495K, capacity 202015K, committed 202444K, reserved 1224704K
  class space    used 24599K, capacity 26645K, committed 26828K, reserved 1048576K
}
Event: 1725.954 GC heap after
{Heap after GC invocations=145 (full 0):
 garbage-first heap   total 523264K, used 203337K [0x0000000080000000, 0x0000000100000000)
  region size 1024K, 1 young (1024K), 1 survivors (1024K)
 Metaspace       used 196495K, capacity 202015K, committed 202444K, reserved 1224704K
  class space    used 24599K, capacity 26645K, committed 26828K, reserved 1048576K
}
Event: 1727.221 GC heap before
{Heap before GC invocations=145 (full 0):
 garbage-first heap   total 523264K, used 407113K [0x0000000080000000, 0x0000000100000000)
  region size 1024K, 199 young (203776K), 1 survivors (1024K)
 Metaspace       used 196511K, capacity 202028K, committed 202444K, reserved 1224704K
  class space    used 24600K, capacity 26647K, committed 26828K, reserved 1048576K
}
Event: 1727.235 GC heap after
{Heap after GC invocations=146 (full 0):
 garbage-first heap   total 523264K, used 207102K [0x0000000080000000, 0x0000000100000000)
  region size 1024K, 5 young (5120K), 5 survivors (5120K)
 Metaspace       used 196511K, capacity 202028K, committed 202444K, reserved 1224704K
  class space    used 24600K, capacity 26647K, committed 26828K, reserved 1048576K
}
Event: 1728.088 GC heap before
{Heap before GC invocations=146 (full 0):
 garbage-first heap   total 523264K, used 412926K [0x0000000080000000, 0x0000000100000000)
  region size 1024K, 207 young (211968K), 5 survivors (5120K)
 Metaspace       used 196518K, capacity 202029K, committed 202444K, reserved 1224704K
  class space    used 24600K, capacity 26647K, committed 26828K, reserved 1048576K
}
Event: 1728.096 GC heap after
{Heap after GC invocations=147 (full 0):
 garbage-first heap   total 523264K, used 206409K [0x0000000080000000, 0x0000000100000000)
  region size 1024K, 4 young (4096K), 4 survivors (4096K)
 Metaspace       used 196518K, capacity 202029K, committed 202444K, reserved 1224704K
  class space    used 24600K, capacity 26647K, committed 26828K, reserved 1048576K
}
Event: 1728.936 GC heap before
{Heap before GC invocations=147 (full 0):
 garbage-first heap   total 523264K, used 420425K [0x0000000080000000, 0x0000000100000000)
  region size 1024K, 213 young (218112K), 4 survivors (4096K)
 Metaspace       used 196543K, capacity 202033K, committed 202444K, reserved 1224704K
  class space    used 24604K, capacity 26648K, committed 26828K, reserved 1048576K
}
Event: 1728.945 GC heap after
{Heap after GC invocations=148 (full 0):
 garbage-first heap   total 523264K, used 205989K [0x0000000080000000, 0x0000000100000000)
  region size 1024K, 4 young (4096K), 4 survivors (4096K)
 Metaspace       used 196543K, capacity 202033K, committed 202444K, reserved 1224704K
  class space    used 24604K, capacity 26648K, committed 26828K, reserved 1048576K
}
Event: 1729.860 GC heap before
{Heap before GC invocations=148 (full 0):
 garbage-first heap   total 523264K, used 425125K [0x0000000080000000, 0x0000000100000000)
  region size 1024K, 218 young (223232K), 4 survivors (4096K)
 Metaspace       used 196546K, capacity 202033K, committed 202444K, reserved 1224704K
  class space    used 24605K, capacity 26648K, committed 26828K, reserved 1048576K
}
Event: 1729.888 GC heap after
{Heap after GC invocations=149 (full 0):
 garbage-first heap   total 523264K, used 219721K [0x0000000080000000, 0x0000000100000000)
  region size 1024K, 17 young (17408K), 17 survivors (17408K)
 Metaspace       used 196546K, capacity 202033K, committed 202444K, reserved 1224704K
  class space    used 24605K, capacity 26648K, committed 26828K, reserved 1048576K
}
Event: 1730.506 GC heap before
{Heap before GC invocations=149 (full 0):
 garbage-first heap   total 523264K, used 427593K [0x0000000080000000, 0x0000000100000000)
  region size 1024K, 220 young (225280K), 17 survivors (17408K)
 Metaspace       used 196547K, capacity 202033K, committed 202444K, reserved 1224704K
  class space    used 24605K, capacity 26648K, committed 26828K, reserved 1048576K
}
Event: 1730.532 GC heap after
{Heap after GC invocations=150 (full 0):
 garbage-first heap   total 523264K, used 219105K [0x0000000080000000, 0x0000000100000000)
  region size 1024K, 3 young (3072K), 3 survivors (3072K)
 Metaspace       used 196547K, capacity 202033K, committed 202444K, reserved 1224704K
  class space    used 24605K, capacity 26648K, committed 26828K, reserved 1048576K
}
Event: 1731.306 GC heap before
{Heap before GC invocations=150 (full 0):
 garbage-first heap   total 523264K, used 431073K [0x0000000080000000, 0x0000000100000000)
  region size 1024K, 210 young (215040K), 3 survivors (3072K)
 Metaspace       used 196548K, capacity 202033K, committed 202444K, reserved 1224704K
  class space    used 24605K, capacity 26648K, committed 26828K, reserved 1048576K
}
Event: 1731.322 GC heap after
{Heap after GC invocations=151 (full 0):
 garbage-first heap   total 523264K, used 220562K [0x0000000080000000, 0x0000000100000000)
  region size 1024K, 5 young (5120K), 5 survivors (5120K)
 Metaspace       used 196548K, capacity 202033K, committed 202444K, reserved 1224704K
  class space    used 24605K, capacity 26648K, committed 26828K, reserved 1048576K
}
Event: 1732.079 GC heap before
{Heap before GC invocations=151 (full 0):
 garbage-first heap   total 523264K, used 434578K [0x0000000080000000, 0x0000000100000000)
  region size 1024K, 214 young (219136K), 5 survivors (5120K)
 Metaspace       used 196554K, capacity 202033K, committed 202444K, reserved 1224704K
  class space    used 24605K, capacity 26648K, committed 26828K, reserved 1048576K
}
Event: 1732.094 GC heap after
{Heap after GC invocations=152 (full 0):
 garbage-first heap   total 523264K, used 224054K [0x0000000080000000, 0x0000000100000000)
  region size 1024K, 8 young (8192K), 8 survivors (8192K)
 Metaspace       used 196554K, capacity 202033K, committed 202444K, reserved 1224704K
  class space    used 24605K, capacity 26648K, committed 26828K, reserved 1048576K
}

