# JRE version: OpenJDK Runtime Environment (11.0.10) (build 11.0.10+0-b96-7249189)
# Java VM: OpenJDK 64-Bit Server VM (11.0.10+0-b96-7249189, mixed mode, tiered, compressed oops, g1 gc, windows-amd64)
Heap:
 garbage-first heap   total 461824K, used 165828K [0x0000000080000000, 0x0000000100000000)
  region size 1024K, 22 young (22528K), 22 survivors (22528K)
 Metaspace       used 112260K, capacity 115147K, committed 115532K, reserved 1148928K
  class space    used 13980K, capacity 15025K, committed 15180K, reserved 1048576K
GC Heap History (20 events):
Event: 91.139 GC heap after
{Heap after GC invocations=86 (full 0):
 garbage-first heap   total 272384K, used 139047K [0x0000000080000000, 0x0000000100000000)
  region size 1024K, 6 young (6144K), 6 survivors (6144K)
 Metaspace       used 110600K, capacity 113307K, committed 113868K, reserved 1148928K
  class space    used 13797K, capacity 14813K, committed 15052K, reserved 1048576K
}
Event: 91.649 GC heap before
{Heap before GC invocations=86 (full 0):
 garbage-first heap   total 272384K, used 228135K [0x0000000080000000, 0x0000000100000000)
  region size 1024K, 94 young (96256K), 6 survivors (6144K)
 Metaspace       used 110615K, capacity 113381K, committed 113868K, reserved 1148928K
  class space    used 13799K, capacity 14816K, committed 15052K, reserved 1048576K
}
Event: 91.663 GC heap after
{Heap after GC invocations=87 (full 0):
 garbage-first heap   total 272384K, used 140194K [0x0000000080000000, 0x0000000100000000)
  region size 1024K, 7 young (7168K), 7 survivors (7168K)
 Metaspace       used 110615K, capacity 113381K, committed 113868K, reserved 1148928K
  class space    used 13799K, capacity 14816K, committed 15052K, reserved 1048576K
}
Event: 92.165 GC heap before
{Heap before GC invocations=87 (full 0):
 garbage-first heap   total 272384K, used 232354K [0x0000000080000000, 0x0000000100000000)
  region size 1024K, 97 young (99328K), 7 survivors (7168K)
 Metaspace       used 110650K, capacity 113406K, committed 113868K, reserved 1148928K
  class space    used 13804K, capacity 14824K, committed 15052K, reserved 1048576K
}
Event: 92.184 GC heap after
{Heap after GC invocations=88 (full 0):
 garbage-first heap   total 327680K, used 141522K [0x0000000080000000, 0x0000000100000000)
  region size 1024K, 8 young (8192K), 8 survivors (8192K)
 Metaspace       used 110650K, capacity 113406K, committed 113868K, reserved 1148928K
  class space    used 13804K, capacity 14824K, committed 15052K, reserved 1048576K
}
Event: 92.868 GC heap before
{Heap before GC invocations=88 (full 0):
 garbage-first heap   total 327680K, used 252114K [0x0000000080000000, 0x0000000100000000)
  region size 1024K, 116 young (118784K), 8 survivors (8192K)
 Metaspace       used 110685K, capacity 113421K, committed 113868K, reserved 1148928K
  class space    used 13809K, capacity 14827K, committed 15052K, reserved 1048576K
}
Event: 92.885 GC heap after
{Heap after GC invocations=89 (full 0):
 garbage-first heap   total 327680K, used 142908K [0x0000000080000000, 0x0000000100000000)
  region size 1024K, 10 young (10240K), 10 survivors (10240K)
 Metaspace       used 110685K, capacity 113421K, committed 113868K, reserved 1148928K
  class space    used 13809K, capacity 14827K, committed 15052K, reserved 1048576K
}
Event: 93.574 GC heap before
{Heap before GC invocations=89 (full 0):
 garbage-first heap   total 327680K, used 263740K [0x0000000080000000, 0x0000000100000000)
  region size 1024K, 128 young (131072K), 10 survivors (10240K)
 Metaspace       used 110697K, capacity 113422K, committed 113868K, reserved 1148928K
  class space    used 13809K, capacity 14827K, committed 15052K, reserved 1048576K
}
Event: 93.594 GC heap after
{Heap after GC invocations=90 (full 0):
 garbage-first heap   total 327680K, used 144366K [0x0000000080000000, 0x0000000100000000)
  region size 1024K, 10 young (10240K), 10 survivors (10240K)
 Metaspace       used 110697K, capacity 113422K, committed 113868K, reserved 1148928K
  class space    used 13809K, capacity 14827K, committed 15052K, reserved 1048576K
}
Event: 94.373 GC heap before
{Heap before GC invocations=90 (full 0):
 garbage-first heap   total 327680K, used 280558K [0x0000000080000000, 0x0000000100000000)
  region size 1024K, 143 young (146432K), 10 survivors (10240K)
 Metaspace       used 110706K, capacity 113486K, committed 113868K, reserved 1148928K
  class space    used 13809K, capacity 14827K, committed 15052K, reserved 1048576K
}
Event: 94.395 GC heap after
{Heap after GC invocations=91 (full 0):
 garbage-first heap   total 327680K, used 146882K [0x0000000080000000, 0x0000000100000000)
  region size 1024K, 12 young (12288K), 12 survivors (12288K)
 Metaspace       used 110706K, capacity 113486K, committed 113868K, reserved 1148928K
  class space    used 13809K, capacity 14827K, committed 15052K, reserved 1048576K
}
Event: 95.763 GC heap before
{Heap before GC invocations=91 (full 0):
 garbage-first heap   total 327680K, used 282050K [0x0000000080000000, 0x0000000100000000)
  region size 1024K, 144 young (147456K), 12 survivors (12288K)
 Metaspace       used 110713K, capacity 113486K, committed 113868K, reserved 1148928K
  class space    used 13809K, capacity 14827K, committed 15052K, reserved 1048576K
}
Event: 95.788 GC heap after
{Heap after GC invocations=92 (full 0):
 garbage-first heap   total 393216K, used 149045K [0x0000000080000000, 0x0000000100000000)
  region size 1024K, 12 young (12288K), 12 survivors (12288K)
 Metaspace       used 110713K, capacity 113486K, committed 113868K, reserved 1148928K
  class space    used 13809K, capacity 14827K, committed 15052K, reserved 1048576K
}
Event: 97.796 GC heap before
{Heap before GC invocations=92 (full 0):
 garbage-first heap   total 393216K, used 312885K [0x0000000080000000, 0x0000000100000000)
  region size 1024K, 173 young (177152K), 12 survivors (12288K)
 Metaspace       used 110983K, capacity 113758K, committed 114124K, reserved 1148928K
  class space    used 13850K, capacity 14874K, committed 15052K, reserved 1048576K
}
Event: 97.823 GC heap after
{Heap after GC invocations=93 (full 0):
 garbage-first heap   total 393216K, used 152117K [0x0000000080000000, 0x0000000100000000)
  region size 1024K, 15 young (15360K), 15 survivors (15360K)
 Metaspace       used 110983K, capacity 113758K, committed 114124K, reserved 1148928K
  class space    used 13850K, capacity 14874K, committed 15052K, reserved 1048576K
}
Event: 99.565 GC heap before
{Heap before GC invocations=93 (full 0):
 garbage-first heap   total 393216K, used 336437K [0x0000000080000000, 0x0000000100000000)
  region size 1024K, 195 young (199680K), 15 survivors (15360K)
 Metaspace       used 111007K, capacity 113758K, committed 114124K, reserved 1148928K
  class space    used 13850K, capacity 14874K, committed 15052K, reserved 1048576K
}
Event: 99.593 GC heap after
{Heap after GC invocations=94 (full 0):
 garbage-first heap   total 393216K, used 153337K [0x0000000080000000, 0x0000000100000000)
  region size 1024K, 15 young (15360K), 15 survivors (15360K)
 Metaspace       used 111007K, capacity 113758K, committed 114124K, reserved 1148928K
  class space    used 13850K, capacity 14874K, committed 15052K, reserved 1048576K
}
Event: 101.038 GC heap before
{Heap before GC invocations=94 (full 0):
 garbage-first heap   total 393216K, used 337657K [0x0000000080000000, 0x0000000100000000)
  region size 1024K, 194 young (198656K), 15 survivors (15360K)
 Metaspace       used 111927K, capacity 114761K, committed 115020K, reserved 1148928K
  class space    used 13953K, capacity 15025K, committed 15180K, reserved 1048576K
}
Event: 101.070 GC heap after
{Heap after GC invocations=95 (full 0):
 garbage-first heap   total 393216K, used 156261K [0x0000000080000000, 0x0000000100000000)
  region size 1024K, 16 young (16384K), 16 survivors (16384K)
 Metaspace       used 111927K, capacity 114761K, committed 115020K, reserved 1148928K
  class space    used 13953K, capacity 15025K, committed 15180K, reserved 1048576K
}
Event: 102.165 GC heap before
{Heap before GC invocations=95 (full 0):
 garbage-first heap   total 393216K, used 335461K [0x0000000080000000, 0x0000000100000000)
  region size 1024K, 192 young (196608K), 16 survivors (16384K)
 Metaspace       used 112260K, capacity 115147K, committed 115532K, reserved 1148928K
  class space    used 13980K, capacity 15025K, committed 15180K, reserved 1048576K
}

