# JRE version: OpenJDK Runtime Environment (11.0.10) (build 11.0.10+0-b96-7249189)
# Java VM: OpenJDK 64-Bit Server VM (11.0.10+0-b96-7249189, mixed mode, tiered, compressed oops, g1 gc, windows-amd64)
Heap:
 garbage-first heap   total 380928K, used 209678K [0x0000000080000000, 0x0000000100000000)
  region size 1024K, 48 young (49152K), 14 survivors (14336K)
 Metaspace       used 103384K, capacity 106110K, committed 106300K, reserved 1140736K
  class space    used 13281K, capacity 14308K, committed 14336K, reserved 1048576K
GC Heap History (20 events):
Event: 52.494 GC heap before
{Heap before GC invocations=57 (full 0):
 garbage-first heap   total 264192K, used 229127K [0x0000000080000000, 0x0000000100000000)
  region size 1024K, 84 young (86016K), 2 survivors (2048K)
 Metaspace       used 102768K, capacity 105382K, committed 105532K, reserved 1140736K
  class space    used 13238K, capacity 14260K, committed 14336K, reserved 1048576K
}
Event: 52.512 GC heap after
{Heap after GC invocations=58 (full 0):
 garbage-first heap   total 264192K, used 152924K [0x0000000080000000, 0x0000000100000000)
  region size 1024K, 10 young (10240K), 10 survivors (10240K)
 Metaspace       used 102768K, capacity 105382K, committed 105532K, reserved 1140736K
  class space    used 13238K, capacity 14260K, committed 14336K, reserved 1048576K
}
Event: 52.523 GC heap before
{Heap before GC invocations=58 (full 0):
 garbage-first heap   total 264192K, used 154972K [0x0000000080000000, 0x0000000100000000)
  region size 1024K, 12 young (12288K), 10 survivors (10240K)
 Metaspace       used 102768K, capacity 105382K, committed 105532K, reserved 1140736K
  class space    used 13238K, capacity 14260K, committed 14336K, reserved 1048576K
}
Event: 52.544 GC heap after
{Heap after GC invocations=59 (full 0):
 garbage-first heap   total 317440K, used 150495K [0x0000000080000000, 0x0000000100000000)
  region size 1024K, 1 young (1024K), 1 survivors (1024K)
 Metaspace       used 102768K, capacity 105382K, committed 105532K, reserved 1140736K
  class space    used 13238K, capacity 14260K, committed 14336K, reserved 1048576K
}
Event: 53.113 GC heap before
{Heap before GC invocations=59 (full 0):
 garbage-first heap   total 317440K, used 256991K [0x0000000080000000, 0x0000000100000000)
  region size 1024K, 105 young (107520K), 1 survivors (1024K)
 Metaspace       used 102787K, capacity 105447K, committed 105532K, reserved 1140736K
  class space    used 13239K, capacity 14260K, committed 14336K, reserved 1048576K
}
Event: 53.134 GC heap after
{Heap after GC invocations=60 (full 0):
 garbage-first heap   total 317440K, used 156052K [0x0000000080000000, 0x0000000100000000)
  region size 1024K, 7 young (7168K), 7 survivors (7168K)
 Metaspace       used 102787K, capacity 105447K, committed 105532K, reserved 1140736K
  class space    used 13239K, capacity 14260K, committed 14336K, reserved 1048576K
}
Event: 54.233 GC heap before
{Heap before GC invocations=61 (full 0):
 garbage-first heap   total 317440K, used 263572K [0x0000000080000000, 0x0000000100000000)
  region size 1024K, 112 young (114688K), 7 survivors (7168K)
 Metaspace       used 102968K, capacity 105604K, committed 105788K, reserved 1140736K
  class space    used 13270K, capacity 14270K, committed 14336K, reserved 1048576K
}
Event: 54.252 GC heap after
{Heap after GC invocations=62 (full 0):
 garbage-first heap   total 317440K, used 157423K [0x0000000080000000, 0x0000000100000000)
  region size 1024K, 8 young (8192K), 8 survivors (8192K)
 Metaspace       used 102968K, capacity 105604K, committed 105788K, reserved 1140736K
  class space    used 13270K, capacity 14270K, committed 14336K, reserved 1048576K
}
Event: 54.894 GC heap before
{Heap before GC invocations=62 (full 0):
 garbage-first heap   total 317440K, used 265967K [0x0000000080000000, 0x0000000100000000)
  region size 1024K, 114 young (116736K), 8 survivors (8192K)
 Metaspace       used 103104K, capacity 105784K, committed 106044K, reserved 1140736K
  class space    used 13280K, capacity 14307K, committed 14336K, reserved 1048576K
}
Event: 54.911 GC heap after
{Heap after GC invocations=63 (full 0):
 garbage-first heap   total 317440K, used 158346K [0x0000000080000000, 0x0000000100000000)
  region size 1024K, 9 young (9216K), 9 survivors (9216K)
 Metaspace       used 103104K, capacity 105784K, committed 106044K, reserved 1140736K
  class space    used 13280K, capacity 14307K, committed 14336K, reserved 1048576K
}
Event: 56.034 GC heap before
{Heap before GC invocations=63 (full 0):
 garbage-first heap   total 317440K, used 267914K [0x0000000080000000, 0x0000000100000000)
  region size 1024K, 116 young (118784K), 9 survivors (9216K)
 Metaspace       used 103113K, capacity 105848K, committed 106044K, reserved 1140736K
  class space    used 13280K, capacity 14307K, committed 14336K, reserved 1048576K
}
Event: 56.059 GC heap after
{Heap after GC invocations=64 (full 0):
 garbage-first heap   total 380928K, used 159854K [0x0000000080000000, 0x0000000100000000)
  region size 1024K, 5 young (5120K), 5 survivors (5120K)
 Metaspace       used 103113K, capacity 105848K, committed 106044K, reserved 1140736K
  class space    used 13280K, capacity 14307K, committed 14336K, reserved 1048576K
}
Event: 56.942 GC heap before
{Heap before GC invocations=64 (full 0):
 garbage-first heap   total 380928K, used 298094K [0x0000000080000000, 0x0000000100000000)
  region size 1024K, 140 young (143360K), 5 survivors (5120K)
 Metaspace       used 103116K, capacity 105848K, committed 106044K, reserved 1140736K
  class space    used 13280K, capacity 14307K, committed 14336K, reserved 1048576K
}
Event: 56.955 GC heap after
{Heap after GC invocations=65 (full 0):
 garbage-first heap   total 380928K, used 160966K [0x0000000080000000, 0x0000000100000000)
  region size 1024K, 6 young (6144K), 6 survivors (6144K)
 Metaspace       used 103116K, capacity 105848K, committed 106044K, reserved 1140736K
  class space    used 13280K, capacity 14307K, committed 14336K, reserved 1048576K
}
Event: 57.927 GC heap before
{Heap before GC invocations=65 (full 0):
 garbage-first heap   total 380928K, used 321734K [0x0000000080000000, 0x0000000100000000)
  region size 1024K, 162 young (165888K), 6 survivors (6144K)
 Metaspace       used 103368K, capacity 106046K, committed 106300K, reserved 1140736K
  class space    used 13281K, capacity 14308K, committed 14336K, reserved 1048576K
}
Event: 57.945 GC heap after
{Heap after GC invocations=66 (full 0):
 garbage-first heap   total 380928K, used 162523K [0x0000000080000000, 0x0000000100000000)
  region size 1024K, 7 young (7168K), 7 survivors (7168K)
 Metaspace       used 103368K, capacity 106046K, committed 106300K, reserved 1140736K
  class space    used 13281K, capacity 14308K, committed 14336K, reserved 1048576K
}
Event: 58.771 GC heap before
{Heap before GC invocations=66 (full 0):
 garbage-first heap   total 380928K, used 327387K [0x0000000080000000, 0x0000000100000000)
  region size 1024K, 168 young (172032K), 7 survivors (7168K)
 Metaspace       used 103374K, capacity 106110K, committed 106300K, reserved 1140736K
  class space    used 13281K, capacity 14308K, committed 14336K, reserved 1048576K
}
Event: 58.800 GC heap after
{Heap after GC invocations=67 (full 0):
 garbage-first heap   total 380928K, used 171665K [0x0000000080000000, 0x0000000100000000)
  region size 1024K, 16 young (16384K), 16 survivors (16384K)
 Metaspace       used 103374K, capacity 106110K, committed 106300K, reserved 1140736K
  class space    used 13281K, capacity 14308K, committed 14336K, reserved 1048576K
}
Event: 59.621 GC heap before
{Heap before GC invocations=67 (full 0):
 garbage-first heap   total 380928K, used 325265K [0x0000000080000000, 0x0000000100000000)
  region size 1024K, 166 young (169984K), 16 survivors (16384K)
 Metaspace       used 103384K, capacity 106110K, committed 106300K, reserved 1140736K
  class space    used 13281K, capacity 14308K, committed 14336K, reserved 1048576K
}
Event: 59.659 GC heap after
{Heap after GC invocations=68 (full 0):
 garbage-first heap   total 380928K, used 175886K [0x0000000080000000, 0x0000000100000000)
  region size 1024K, 14 young (14336K), 14 survivors (14336K)
 Metaspace       used 103384K, capacity 106110K, committed 106300K, reserved 1140736K
  class space    used 13281K, capacity 14308K, committed 14336K, reserved 1048576K
}

